{
  "RSpec": {
    "coverage": {
      "/home/lbs/src/how_to_tracker/app/controllers/application_controller.rb": [
        1,
        1,
        null
      ],
      "/home/lbs/src/how_to_tracker/app/helpers/application_helper.rb": [
        1,
        null
      ],
      "/home/lbs/src/how_to_tracker/app/helpers/steps_helper.rb": [
        1,
        null
      ],
      "/home/lbs/src/how_to_tracker/app/helpers/tasks_helper.rb": [
        1,
        null
      ],
      "/home/lbs/src/how_to_tracker/app/controllers/steps_controller.rb": [
        1,
        1,
        1,
        null,
        1,
        2,
        null,
        null,
        1,
        2,
        2,
        1,
        1,
        null,
        1,
        1,
        null,
        null,
        null,
        1,
        null,
        null,
        1,
        1,
        5,
        null,
        null,
        1,
        1,
        null,
        null
      ],
      "/home/lbs/src/how_to_tracker/app/models/step.rb": [
        1,
        1,
        1,
        1,
        1,
        null
      ],
      "/home/lbs/src/how_to_tracker/app/controllers/tasks_controller.rb": [
        1,
        null,
        null,
        1,
        10,
        null,
        10,
        10,
        10,
        null,
        null,
        null,
        null,
        null,
        1,
        8,
        null,
        8,
        8,
        8,
        null,
        null,
        null,
        null,
        null,
        1,
        2,
        null,
        2,
        2,
        2,
        null,
        null,
        null,
        null,
        1,
        2,
        null,
        null,
        null,
        null,
        1,
        2,
        null,
        2,
        2,
        2,
        1,
        null,
        1,
        1,
        1,
        null,
        1,
        null,
        null,
        null,
        null,
        null,
        null,
        1,
        2,
        null,
        2,
        2,
        2,
        1,
        null,
        1,
        1,
        1,
        null,
        1,
        null,
        null,
        null,
        null,
        null,
        null,
        1,
        1,
        1,
        null,
        1,
        1,
        1,
        1,
        null,
        1,
        null,
        null,
        null
      ],
      "/home/lbs/src/how_to_tracker/app/models/task.rb": [
        1,
        1,
        1,
        null,
        1,
        null
      ]
    },
    "timestamp": 1368740811
  }
}
