{
  "RSpec": {
    "coverage": {
      "/home/lbs/src/how_to_tracker/app/controllers/application_controller.rb": [
        1,
        1,
        null
      ],
      "/home/lbs/src/how_to_tracker/app/helpers/application_helper.rb": [
        1,
        null
      ],
      "/home/lbs/src/how_to_tracker/app/helpers/steps_helper.rb": [
        1,
        null
      ],
      "/home/lbs/src/how_to_tracker/app/helpers/tasks_helper.rb": [
        1,
        null
      ],
      "/home/lbs/src/how_to_tracker/app/controllers/steps_controller.rb": [
        1,
        1,
        1,
        null,
        1,
        2,
        null,
        null,
        1,
        2,
        2,
        1,
        1,
        null,
        1,
        1,
        null,
        null,
        null,
        1,
        null,
        null,
        1,
        null,
        null,
        1,
        2,
        1,
        1,
        null,
        1,
        1,
        null,
        null,
        null,
        1,
        1,
        13,
        null,
        null,
        1,
        9,
        null,
        null
      ],
      "/home/lbs/src/how_to_tracker/app/models/step.rb": [
        1,
        1,
        1,
        1,
        1,
        null
      ],
      "/home/lbs/src/how_to_tracker/app/controllers/tasks_controller.rb": [
        1,
        null,
        null,
        1,
        13,
        null,
        13,
        13,
        13,
        null,
        null,
        null,
        null,
        null,
        1,
        11,
        null,
        11,
        11,
        11,
        null,
        null,
        null,
        null,
        null,
        1,
        2,
        null,
        2,
        2,
        2,
        null,
        null,
        null,
        null,
        1,
        2,
        null,
        null,
        null,
        null,
        1,
        2,
        null,
        2,
        2,
        2,
        1,
        null,
        1,
        1,
        1,
        null,
        1,
        null,
        null,
        null,
        null,
        null,
        null,
        1,
        2,
        null,
        2,
        2,
        2,
        1,
        null,
        1,
        1,
        1,
        null,
        1,
        null,
        null,
        null,
        null,
        null,
        null,
        1,
        1,
        1,
        null,
        1,
        1,
        1,
        1,
        null,
        1,
        null,
        null,
        null
      ],
      "/home/lbs/src/how_to_tracker/app/models/task.rb": [
        1,
        1,
        1,
        null,
        1,
        null
      ]
    },
    "timestamp": 1368746582
  }
}
